TN:
SF:build/config/knex.js
FN:2,Object.<anonymous>.__importDefault
FNF:1
FNH:1
FNDA:1,Object.<anonymous>.__importDefault
DA:1,1
DA:2,1
DA:3,1
DA:4,1
DA:5,1
DA:6,1
DA:7,1
DA:8,1
DA:9,1
DA:10,1
DA:11,1
DA:12,1
DA:13,1
DA:14,1
DA:15,1
DA:16,1
LF:16
LH:16
BRDA:2,0,0,0
BRDA:2,1,0,1
BRDA:3,2,0,0
BRF:3
BRH:1
end_of_record
TN:
SF:build/controllers/AuthenticationController.js
FN:2,Object.<anonymous>.__awaiter
FN:3,adopt
FN:5,fulfilled
FN:6,rejected
FN:7,step
FN:13,AuthenticationController
FN:16,makeLogin
FNF:7
FNH:7
FNDA:2,Object.<anonymous>.__awaiter
FNDA:2,adopt
FNDA:1,fulfilled
FNDA:1,rejected
FNDA:3,step
FNDA:2,AuthenticationController
FNDA:2,makeLogin
DA:1,1
DA:2,1
DA:3,2
DA:4,2
DA:5,2
DA:6,2
DA:7,2
DA:8,2
DA:9,2
DA:10,2
DA:11,1
DA:12,1
DA:13,1
DA:14,2
DA:15,2
DA:16,1
DA:17,2
DA:18,2
DA:19,2
DA:20,2
DA:21,2
DA:22,1
DA:23,1
LF:23
LH:23
BRDA:2,0,0,0
BRDA:2,1,0,2
BRDA:3,2,0,2
BRDA:3,3,0,0
BRDA:4,4,0,2
BRDA:5,5,0,1
BRDA:5,6,0,0
BRDA:6,7,0,1
BRDA:7,8,0,3
BRDA:7,9,0,1
BRDA:7,10,0,2
BRDA:13,11,0,2
BRDA:16,12,0,2
BRDA:17,13,0,2
BRF:14
BRH:11
end_of_record
TN:
SF:build/controllers/ClassesController.js
FN:2,Object.<anonymous>.__awaiter
FN:13,ClassesController
FN:16,get
FN:22,list
FN:27,store
FN:33,update
FN:39,destroy
FNF:7
FNH:0
FNDA:0,Object.<anonymous>.__awaiter
FNDA:0,ClassesController
FNDA:0,get
FNDA:0,list
FNDA:0,store
FNDA:0,update
FNDA:0,destroy
DA:1,1
DA:2,1
DA:3,0
DA:4,0
DA:5,0
DA:6,0
DA:7,0
DA:8,0
DA:9,0
DA:10,0
DA:11,1
DA:12,1
DA:13,1
DA:14,0
DA:15,0
DA:16,1
DA:17,0
DA:18,0
DA:19,0
DA:20,0
DA:21,0
DA:22,1
DA:23,0
DA:24,0
DA:25,0
DA:26,0
DA:27,1
DA:28,0
DA:29,0
DA:30,0
DA:31,0
DA:32,0
DA:33,1
DA:34,0
DA:35,0
DA:36,0
DA:37,0
DA:38,0
DA:39,1
DA:40,0
DA:41,0
DA:42,0
DA:43,0
DA:44,1
DA:45,1
LF:45
LH:12
BRDA:2,0,0,0
BRF:1
BRH:0
end_of_record
TN:
SF:build/controllers/CoursesController.js
FN:2,Object.<anonymous>.__awaiter
FN:13,CoursesController
FN:16,list
FN:19,getCourseWithLesson
FN:25,get
FN:31,listCourses
FN:36,store
FN:41,update
FN:46,destroy
FNF:9
FNH:0
FNDA:0,Object.<anonymous>.__awaiter
FNDA:0,CoursesController
FNDA:0,list
FNDA:0,getCourseWithLesson
FNDA:0,get
FNDA:0,listCourses
FNDA:0,store
FNDA:0,update
FNDA:0,destroy
DA:1,1
DA:2,1
DA:3,0
DA:4,0
DA:5,0
DA:6,0
DA:7,0
DA:8,0
DA:9,0
DA:10,0
DA:11,1
DA:12,1
DA:13,1
DA:14,0
DA:15,0
DA:16,1
DA:17,0
DA:18,0
DA:19,1
DA:20,0
DA:21,0
DA:22,0
DA:23,0
DA:24,0
DA:25,1
DA:26,0
DA:27,0
DA:28,0
DA:29,0
DA:30,0
DA:31,1
DA:32,0
DA:33,0
DA:34,0
DA:35,0
DA:36,1
DA:37,0
DA:38,0
DA:39,0
DA:40,0
DA:41,1
DA:42,0
DA:43,0
DA:44,0
DA:45,0
DA:46,1
DA:47,0
DA:48,0
DA:49,0
DA:50,0
DA:51,1
DA:52,1
LF:52
LH:14
BRDA:2,0,0,0
BRF:1
BRH:0
end_of_record
TN:
SF:build/controllers/LessonController.js
FN:2,Object.<anonymous>.__awaiter
FN:13,LessonController
FN:16,get
FN:22,list
FN:27,store
FN:32,update
FN:37,destroy
FN:42,storeProgress
FNF:8
FNH:0
FNDA:0,Object.<anonymous>.__awaiter
FNDA:0,LessonController
FNDA:0,get
FNDA:0,list
FNDA:0,store
FNDA:0,update
FNDA:0,destroy
FNDA:0,storeProgress
DA:1,1
DA:2,1
DA:3,0
DA:4,0
DA:5,0
DA:6,0
DA:7,0
DA:8,0
DA:9,0
DA:10,0
DA:11,1
DA:12,1
DA:13,1
DA:14,0
DA:15,0
DA:16,1
DA:17,0
DA:18,0
DA:19,0
DA:20,0
DA:21,0
DA:22,1
DA:23,0
DA:24,0
DA:25,0
DA:26,0
DA:27,1
DA:28,0
DA:29,0
DA:30,0
DA:31,0
DA:32,1
DA:33,0
DA:34,0
DA:35,0
DA:36,0
DA:37,1
DA:38,0
DA:39,0
DA:40,0
DA:41,0
DA:42,1
DA:43,0
DA:44,0
DA:45,0
DA:46,0
DA:47,0
DA:48,1
DA:49,1
LF:49
LH:13
BRDA:2,0,0,0
BRF:1
BRH:0
end_of_record
TN:
SF:build/controllers/ModulesController.js
FN:2,Object.<anonymous>.__awaiter
FN:13,ModulesController
FN:16,get
FN:21,list
FN:26,store
FN:31,update
FN:36,destroy
FNF:7
FNH:0
FNDA:0,Object.<anonymous>.__awaiter
FNDA:0,ModulesController
FNDA:0,get
FNDA:0,list
FNDA:0,store
FNDA:0,update
FNDA:0,destroy
DA:1,1
DA:2,1
DA:3,0
DA:4,0
DA:5,0
DA:6,0
DA:7,0
DA:8,0
DA:9,0
DA:10,0
DA:11,1
DA:12,1
DA:13,1
DA:14,0
DA:15,0
DA:16,1
DA:17,0
DA:18,0
DA:19,0
DA:20,0
DA:21,1
DA:22,0
DA:23,0
DA:24,0
DA:25,0
DA:26,1
DA:27,0
DA:28,0
DA:29,0
DA:30,0
DA:31,1
DA:32,0
DA:33,0
DA:34,0
DA:35,0
DA:36,1
DA:37,0
DA:38,0
DA:39,0
DA:40,0
DA:41,1
DA:42,1
LF:42
LH:12
BRDA:2,0,0,0
BRF:1
BRH:0
end_of_record
TN:
SF:build/controllers/PaymentsController.js
FN:2,Object.<anonymous>.__awaiter
FN:13,PaymentsController
FN:16,store
FNF:3
FNH:0
FNDA:0,Object.<anonymous>.__awaiter
FNDA:0,PaymentsController
FNDA:0,store
DA:1,1
DA:2,1
DA:3,0
DA:4,0
DA:5,0
DA:6,0
DA:7,0
DA:8,0
DA:9,0
DA:10,0
DA:11,1
DA:12,1
DA:13,1
DA:14,0
DA:15,0
DA:16,1
DA:17,0
DA:18,0
DA:19,0
DA:20,0
DA:21,1
DA:22,1
LF:22
LH:8
BRDA:2,0,0,0
BRF:1
BRH:0
end_of_record
TN:
SF:build/controllers/StudentClassesController.js
FN:2,Object.<anonymous>.__awaiter
FN:13,StudentClassesController
FN:16,get
FN:22,list
FN:27,store
FN:33,update
FN:39,destroy
FNF:7
FNH:0
FNDA:0,Object.<anonymous>.__awaiter
FNDA:0,StudentClassesController
FNDA:0,get
FNDA:0,list
FNDA:0,store
FNDA:0,update
FNDA:0,destroy
DA:1,1
DA:2,1
DA:3,0
DA:4,0
DA:5,0
DA:6,0
DA:7,0
DA:8,0
DA:9,0
DA:10,0
DA:11,1
DA:12,1
DA:13,1
DA:14,0
DA:15,0
DA:16,1
DA:17,0
DA:18,0
DA:19,0
DA:20,0
DA:21,0
DA:22,1
DA:23,0
DA:24,0
DA:25,0
DA:26,0
DA:27,1
DA:28,0
DA:29,0
DA:30,0
DA:31,0
DA:32,0
DA:33,1
DA:34,0
DA:35,0
DA:36,0
DA:37,0
DA:38,0
DA:39,1
DA:40,0
DA:41,0
DA:42,0
DA:43,0
DA:44,1
DA:45,1
LF:45
LH:12
BRDA:2,0,0,0
BRF:1
BRH:0
end_of_record
TN:
SF:build/controllers/UserController.js
FN:2,Object.<anonymous>.__awaiter
FN:3,adopt
FN:5,fulfilled
FN:6,rejected
FN:7,step
FN:13,UserController
FN:16,get
FN:22,list
FN:27,store
FN:33,update
FN:38,destroy
FNF:11
FNH:11
FNDA:14,Object.<anonymous>.__awaiter
FNDA:14,adopt
FNDA:11,fulfilled
FNDA:3,rejected
FNDA:25,step
FNDA:9,UserController
FNDA:2,get
FNDA:6,list
FNDA:2,store
FNDA:2,update
FNDA:2,destroy
DA:1,1
DA:2,1
DA:3,14
DA:4,14
DA:5,14
DA:6,14
DA:7,14
DA:8,14
DA:9,14
DA:10,14
DA:11,1
DA:12,1
DA:13,1
DA:14,9
DA:15,9
DA:16,1
DA:17,2
DA:18,2
DA:19,1
DA:20,2
DA:21,2
DA:22,1
DA:23,6
DA:24,6
DA:25,6
DA:26,6
DA:27,1
DA:28,2
DA:29,2
DA:30,2
DA:31,2
DA:32,2
DA:33,1
DA:34,2
DA:35,2
DA:36,2
DA:37,2
DA:38,1
DA:39,2
DA:40,2
DA:41,2
DA:42,2
DA:43,1
DA:44,1
LF:44
LH:44
BRDA:2,0,0,0
BRDA:2,1,0,14
BRDA:3,2,0,14
BRDA:3,3,0,0
BRDA:4,4,0,14
BRDA:5,5,0,11
BRDA:5,6,0,0
BRDA:6,7,0,3
BRDA:7,8,0,25
BRDA:7,9,0,11
BRDA:7,10,0,14
BRDA:13,11,0,9
BRDA:16,12,0,2
BRDA:17,13,0,2
BRDA:18,14,0,1
BRDA:22,15,0,6
BRDA:23,16,0,6
BRDA:27,17,0,2
BRDA:28,18,0,2
BRDA:33,19,0,2
BRDA:34,20,0,2
BRDA:38,21,0,2
BRDA:39,22,0,2
BRDA:40,23,0,1
BRF:24
BRH:21
end_of_record
TN:
SF:build/entities/Classes.js
FN:4,Classes
FNF:1
FNH:0
FNDA:0,Classes
DA:1,1
DA:2,1
DA:3,1
DA:4,1
DA:5,0
DA:6,0
DA:7,0
DA:8,0
DA:9,0
DA:10,0
DA:11,0
DA:12,1
DA:13,1
LF:13
LH:6
BRF:0
BRH:0
end_of_record
TN:
SF:build/entities/User.js
FN:4,User
FNF:1
FNH:1
FNDA:3,User
DA:1,1
DA:2,1
DA:3,1
DA:4,1
DA:5,3
DA:6,3
DA:7,3
DA:8,3
DA:9,3
DA:10,3
DA:11,3
DA:12,3
DA:13,3
DA:14,3
DA:15,3
DA:16,1
DA:17,1
LF:17
LH:17
BRDA:4,0,0,3
BRF:1
BRH:1
end_of_record
TN:
SF:build/exceptions/HttpException.js
FN:4,HttpException
FNF:1
FNH:1
FNDA:3,HttpException
DA:1,1
DA:2,1
DA:3,1
DA:4,1
DA:5,3
DA:6,3
DA:7,3
DA:8,3
DA:9,1
DA:10,1
LF:10
LH:10
BRDA:4,0,0,3
BRF:1
BRH:1
end_of_record
TN:
SF:build/gateway/AuthenticationGateway/InMemoryAuthenticationGateway.js
FN:2,Object.<anonymous>.__awaiter
FN:3,adopt
FN:5,fulfilled
FN:6,rejected
FN:7,step
FN:11,Object.<anonymous>.__importDefault
FN:17,InMemoryAuthenticationGateway
FN:20,makeLogin
FNF:8
FNH:5
FNDA:2,Object.<anonymous>.__awaiter
FNDA:0,adopt
FNDA:0,fulfilled
FNDA:0,rejected
FNDA:1,step
FNDA:1,Object.<anonymous>.__importDefault
FNDA:2,InMemoryAuthenticationGateway
FNDA:2,makeLogin
DA:1,1
DA:2,1
DA:3,2
DA:4,2
DA:5,2
DA:6,2
DA:7,2
DA:8,2
DA:9,2
DA:10,2
DA:11,1
DA:12,1
DA:13,1
DA:14,1
DA:15,1
DA:16,1
DA:17,1
DA:18,2
DA:19,2
DA:20,1
DA:21,2
DA:22,2
DA:23,2
DA:24,2
DA:25,2
DA:26,2
DA:27,1
DA:28,1
DA:29,1
DA:30,1
DA:31,1
DA:32,2
DA:33,2
DA:34,1
DA:35,1
LF:35
LH:35
BRDA:2,0,0,0
BRDA:11,1,0,0
BRDA:2,2,0,2
BRDA:4,3,0,2
BRDA:7,4,0,1
BRDA:7,5,0,0
BRDA:11,6,0,1
BRDA:12,7,0,0
BRDA:17,8,0,2
BRDA:20,9,0,2
BRDA:21,10,0,2
BRDA:24,11,0,0
BRDA:26,12,0,1
BRDA:22,13,0,2
BRF:14
BRH:9
end_of_record
TN:
SF:build/gateway/AuthenticationGateway/KnexAuthenticationGateway.js
FN:2,Object.<anonymous>.__awaiter
FN:3,adopt
FN:5,fulfilled
FN:6,rejected
FN:7,step
FN:11,Object.<anonymous>.__importDefault
FN:17,KnexAuthenticationGateway
FN:22,makeLogin
FNF:8
FNH:7
FNDA:3,Object.<anonymous>.__awaiter
FNDA:5,adopt
FNDA:4,fulfilled
FNDA:0,rejected
FNDA:6,step
FNDA:1,Object.<anonymous>.__importDefault
FNDA:3,KnexAuthenticationGateway
FNDA:3,makeLogin
DA:1,1
DA:2,1
DA:3,3
DA:4,3
DA:5,3
DA:6,3
DA:7,3
DA:8,3
DA:9,3
DA:10,3
DA:11,1
DA:12,1
DA:13,1
DA:14,1
DA:15,1
DA:16,1
DA:17,1
DA:18,3
DA:19,3
DA:20,3
DA:21,3
DA:22,1
DA:23,3
DA:24,3
DA:25,3
DA:26,3
DA:27,3
DA:28,3
DA:29,3
DA:30,2
DA:31,1
DA:32,3
DA:33,1
DA:34,1
DA:35,1
DA:36,1
DA:37,1
DA:38,1
DA:39,1
DA:40,1
DA:41,1
DA:42,3
DA:43,3
DA:44,1
DA:45,1
LF:45
LH:45
BRDA:2,0,0,0
BRDA:11,1,0,0
BRDA:2,2,0,3
BRDA:3,3,0,5
BRDA:3,4,0,2
BRDA:3,5,0,3
BRDA:3,6,0,3
BRDA:4,7,0,3
BRDA:5,8,0,4
BRDA:5,9,0,1
BRDA:7,10,0,6
BRDA:7,11,0,1
BRDA:7,12,0,5
BRDA:11,13,0,1
BRDA:12,14,0,0
BRDA:17,15,0,3
BRDA:22,16,0,3
BRDA:23,17,0,3
BRDA:29,18,0,1
BRDA:29,19,0,2
BRDA:30,20,0,1
BRDA:32,21,0,0
BRDA:32,22,0,1
BRF:23
BRH:19
end_of_record
TN:
SF:build/gateway/ClassesGateway/KnexClasseGateway.js
FN:2,Object.<anonymous>.__awaiter
FN:11,Object.<anonymous>.__importDefault
FN:18,KnexClasseGateway
FN:21,getClasses
FN:31,addClasse
FN:44,removeClasse
FN:51,updateClasse
FN:68,getClasse
FNF:8
FNH:1
FNDA:0,Object.<anonymous>.__awaiter
FNDA:2,Object.<anonymous>.__importDefault
FNDA:0,KnexClasseGateway
FNDA:0,getClasses
FNDA:0,addClasse
FNDA:0,removeClasse
FNDA:0,updateClasse
FNDA:0,getClasse
DA:1,1
DA:2,1
DA:3,0
DA:4,0
DA:5,0
DA:6,0
DA:7,0
DA:8,0
DA:9,0
DA:10,0
DA:11,1
DA:12,2
DA:13,2
DA:14,1
DA:15,1
DA:16,1
DA:17,1
DA:18,1
DA:19,0
DA:20,0
DA:21,1
DA:22,0
DA:23,0
DA:24,0
DA:25,0
DA:26,0
DA:27,0
DA:28,0
DA:29,0
DA:30,0
DA:31,1
DA:32,0
DA:33,0
DA:34,0
DA:35,0
DA:36,0
DA:37,0
DA:38,0
DA:39,0
DA:40,0
DA:41,0
DA:42,0
DA:43,0
DA:44,1
DA:45,0
DA:46,0
DA:47,0
DA:48,0
DA:49,0
DA:50,0
DA:51,1
DA:52,0
DA:53,0
DA:54,0
DA:55,0
DA:56,0
DA:57,0
DA:58,0
DA:59,0
DA:60,0
DA:61,0
DA:62,0
DA:63,0
DA:64,0
DA:65,0
DA:66,0
DA:67,0
DA:68,1
DA:69,0
DA:70,0
DA:71,0
DA:72,0
DA:73,0
DA:74,0
DA:75,0
DA:76,0
DA:77,0
DA:78,0
DA:79,1
DA:80,1
LF:80
LH:17
BRDA:2,0,0,0
BRDA:11,1,0,0
BRDA:11,2,0,2
BRDA:12,3,0,0
BRF:4
BRH:1
end_of_record
TN:
SF:build/gateway/CourseGateway/KnexCourseGateway.js
FN:2,Object.<anonymous>.__awaiter
FN:11,Object.<anonymous>.__importDefault
FN:17,KnexCourseGateway
FN:20,updateCourse
FN:37,removeCourse
FN:44,addCourse
FN:52,getCourses
FN:85,getCourse
FN:96,getCourseWithLessons
FNF:9
FNH:1
FNDA:0,Object.<anonymous>.__awaiter
FNDA:1,Object.<anonymous>.__importDefault
FNDA:0,KnexCourseGateway
FNDA:0,updateCourse
FNDA:0,removeCourse
FNDA:0,addCourse
FNDA:0,getCourses
FNDA:0,getCourse
FNDA:0,getCourseWithLessons
DA:1,1
DA:2,1
DA:3,0
DA:4,0
DA:5,0
DA:6,0
DA:7,0
DA:8,0
DA:9,0
DA:10,0
DA:11,1
DA:12,1
DA:13,1
DA:14,1
DA:15,1
DA:16,1
DA:17,1
DA:18,0
DA:19,0
DA:20,1
DA:21,0
DA:22,0
DA:23,0
DA:24,0
DA:25,0
DA:26,0
DA:27,0
DA:28,0
DA:29,0
DA:30,0
DA:31,0
DA:32,0
DA:33,0
DA:34,0
DA:35,0
DA:36,0
DA:37,1
DA:38,0
DA:39,0
DA:40,0
DA:41,0
DA:42,0
DA:43,0
DA:44,1
DA:45,0
DA:46,0
DA:47,0
DA:48,0
DA:49,0
DA:50,0
DA:51,0
DA:52,1
DA:53,0
DA:54,0
DA:55,0
DA:56,0
DA:57,0
DA:58,0
DA:59,0
DA:60,0
DA:61,0
DA:62,0
DA:63,0
DA:64,0
DA:65,0
DA:66,0
DA:67,0
DA:68,0
DA:69,0
DA:70,0
DA:71,0
DA:72,0
DA:73,0
DA:74,0
DA:75,0
DA:76,0
DA:77,0
DA:78,0
DA:79,0
DA:80,0
DA:81,0
DA:82,0
DA:83,0
DA:84,0
DA:85,1
DA:86,0
DA:87,0
DA:88,0
DA:89,0
DA:90,0
DA:91,0
DA:92,0
DA:93,0
DA:94,0
DA:95,0
DA:96,1
DA:97,0
DA:98,0
DA:99,0
DA:100,0
DA:101,0
DA:102,0
DA:103,0
DA:104,0
DA:105,0
DA:106,0
DA:107,0
DA:108,0
DA:109,0
DA:110,0
DA:111,0
DA:112,0
DA:113,0
DA:114,0
DA:115,0
DA:116,0
DA:117,0
DA:118,0
DA:119,0
DA:120,0
DA:121,0
DA:122,0
DA:123,0
DA:124,0
DA:125,0
DA:126,0
DA:127,0
DA:128,0
DA:129,0
DA:130,0
DA:131,0
DA:132,0
DA:133,0
DA:134,0
DA:135,0
DA:136,0
DA:137,0
DA:138,0
DA:139,0
DA:140,0
DA:141,0
DA:142,0
DA:143,0
DA:144,0
DA:145,0
DA:146,0
DA:147,0
DA:148,0
DA:149,0
DA:150,0
DA:151,0
DA:152,0
DA:153,0
DA:154,0
DA:155,0
DA:156,0
DA:157,0
DA:158,0
DA:159,0
DA:160,0
DA:161,0
DA:162,0
DA:163,0
DA:164,0
DA:165,0
DA:166,0
DA:167,0
DA:168,0
DA:169,0
DA:170,0
DA:171,0
DA:172,0
DA:173,0
DA:174,0
DA:175,0
DA:176,0
DA:177,0
DA:178,0
DA:179,0
DA:180,0
DA:181,0
DA:182,0
DA:183,1
DA:184,1
LF:184
LH:17
BRDA:2,0,0,0
BRDA:11,1,0,0
BRDA:11,2,0,1
BRDA:12,3,0,0
BRF:4
BRH:1
end_of_record
TN:
SF:build/gateway/LessonGateway/KnexLessonGateway.js
FN:2,Object.<anonymous>.__awaiter
FN:11,Object.<anonymous>.__importDefault
FN:17,KnexLessonGateway
FN:20,updateLesson
FN:37,removeLesson
FN:44,addLesson
FN:52,getLessons
FN:63,getLesson
FN:74,storeProgress
FNF:9
FNH:1
FNDA:0,Object.<anonymous>.__awaiter
FNDA:1,Object.<anonymous>.__importDefault
FNDA:0,KnexLessonGateway
FNDA:0,updateLesson
FNDA:0,removeLesson
FNDA:0,addLesson
FNDA:0,getLessons
FNDA:0,getLesson
FNDA:0,storeProgress
DA:1,1
DA:2,1
DA:3,0
DA:4,0
DA:5,0
DA:6,0
DA:7,0
DA:8,0
DA:9,0
DA:10,0
DA:11,1
DA:12,1
DA:13,1
DA:14,1
DA:15,1
DA:16,1
DA:17,1
DA:18,0
DA:19,0
DA:20,1
DA:21,0
DA:22,0
DA:23,0
DA:24,0
DA:25,0
DA:26,0
DA:27,0
DA:28,0
DA:29,0
DA:30,0
DA:31,0
DA:32,0
DA:33,0
DA:34,0
DA:35,0
DA:36,0
DA:37,1
DA:38,0
DA:39,0
DA:40,0
DA:41,0
DA:42,0
DA:43,0
DA:44,1
DA:45,0
DA:46,0
DA:47,0
DA:48,0
DA:49,0
DA:50,0
DA:51,0
DA:52,1
DA:53,0
DA:54,0
DA:55,0
DA:56,0
DA:57,0
DA:58,0
DA:59,0
DA:60,0
DA:61,0
DA:62,0
DA:63,1
DA:64,0
DA:65,0
DA:66,0
DA:67,0
DA:68,0
DA:69,0
DA:70,0
DA:71,0
DA:72,0
DA:73,0
DA:74,1
DA:75,0
DA:76,0
DA:77,0
DA:78,0
DA:79,0
DA:80,0
DA:81,0
DA:82,0
DA:83,0
DA:84,0
DA:85,0
DA:86,0
DA:87,0
DA:88,0
DA:89,0
DA:90,0
DA:91,1
DA:92,1
LF:92
LH:17
BRDA:2,0,0,0
BRDA:11,1,0,0
BRDA:11,2,0,1
BRDA:12,3,0,0
BRF:4
BRH:1
end_of_record
TN:
SF:build/gateway/ModuleGateway/KnexModuleGateway.js
FN:2,Object.<anonymous>.__awaiter
FN:11,Object.<anonymous>.__importDefault
FN:17,KnexModuleGateway
FN:20,get
FN:32,list
FN:42,addModule
FN:50,removeModule
FN:57,updateModule
FNF:8
FNH:1
FNDA:0,Object.<anonymous>.__awaiter
FNDA:1,Object.<anonymous>.__importDefault
FNDA:0,KnexModuleGateway
FNDA:0,get
FNDA:0,list
FNDA:0,addModule
FNDA:0,removeModule
FNDA:0,updateModule
DA:1,1
DA:2,1
DA:3,0
DA:4,0
DA:5,0
DA:6,0
DA:7,0
DA:8,0
DA:9,0
DA:10,0
DA:11,1
DA:12,1
DA:13,1
DA:14,1
DA:15,1
DA:16,1
DA:17,1
DA:18,0
DA:19,0
DA:20,1
DA:21,0
DA:22,0
DA:23,0
DA:24,0
DA:25,0
DA:26,0
DA:27,0
DA:28,0
DA:29,0
DA:30,0
DA:31,0
DA:32,1
DA:33,0
DA:34,0
DA:35,0
DA:36,0
DA:37,0
DA:38,0
DA:39,0
DA:40,0
DA:41,0
DA:42,1
DA:43,0
DA:44,0
DA:45,0
DA:46,0
DA:47,0
DA:48,0
DA:49,0
DA:50,1
DA:51,0
DA:52,0
DA:53,0
DA:54,0
DA:55,0
DA:56,0
DA:57,1
DA:58,0
DA:59,0
DA:60,0
DA:61,0
DA:62,0
DA:63,0
DA:64,0
DA:65,0
DA:66,0
DA:67,0
DA:68,0
DA:69,0
DA:70,0
DA:71,0
DA:72,0
DA:73,0
DA:74,0
DA:75,0
DA:76,0
DA:77,0
DA:78,1
DA:79,1
LF:79
LH:16
BRDA:2,0,0,0
BRDA:11,1,0,0
BRDA:11,2,0,1
BRDA:12,3,0,0
BRF:4
BRH:1
end_of_record
TN:
SF:build/gateway/PaymentsGateway/KnexPaymentsGateway.js
FN:2,Object.<anonymous>.__awaiter
FN:13,KnexPaymentsGateway
FN:16,registerPayment
FNF:3
FNH:0
FNDA:0,Object.<anonymous>.__awaiter
FNDA:0,KnexPaymentsGateway
FNDA:0,registerPayment
DA:1,1
DA:2,1
DA:3,0
DA:4,0
DA:5,0
DA:6,0
DA:7,0
DA:8,0
DA:9,0
DA:10,0
DA:11,1
DA:12,1
DA:13,1
DA:14,0
DA:15,0
DA:16,1
DA:17,0
DA:18,0
DA:19,0
DA:20,0
DA:21,0
DA:22,0
DA:23,0
DA:24,0
DA:25,0
DA:26,0
DA:27,0
DA:28,0
DA:29,0
DA:30,1
DA:31,1
LF:31
LH:8
BRDA:2,0,0,0
BRF:1
BRH:0
end_of_record
TN:
SF:build/gateway/StudentClassesGateway/KnexStudentClasseGateway.js
FN:2,Object.<anonymous>.__awaiter
FN:11,Object.<anonymous>.__importDefault
FN:17,KnexStudentClasseGateway
FN:20,getStudentsClasses
FN:30,addStudentClasse
FN:42,removeStudentClasse
FN:49,updateStudentClasse
FN:66,getStudentClasse
FNF:8
FNH:1
FNDA:0,Object.<anonymous>.__awaiter
FNDA:1,Object.<anonymous>.__importDefault
FNDA:0,KnexStudentClasseGateway
FNDA:0,getStudentsClasses
FNDA:0,addStudentClasse
FNDA:0,removeStudentClasse
FNDA:0,updateStudentClasse
FNDA:0,getStudentClasse
DA:1,1
DA:2,1
DA:3,0
DA:4,0
DA:5,0
DA:6,0
DA:7,0
DA:8,0
DA:9,0
DA:10,0
DA:11,1
DA:12,1
DA:13,1
DA:14,1
DA:15,1
DA:16,1
DA:17,1
DA:18,0
DA:19,0
DA:20,1
DA:21,0
DA:22,0
DA:23,0
DA:24,0
DA:25,0
DA:26,0
DA:27,0
DA:28,0
DA:29,0
DA:30,1
DA:31,0
DA:32,0
DA:33,0
DA:34,0
DA:35,0
DA:36,0
DA:37,0
DA:38,0
DA:39,0
DA:40,0
DA:41,0
DA:42,1
DA:43,0
DA:44,0
DA:45,0
DA:46,0
DA:47,0
DA:48,0
DA:49,1
DA:50,0
DA:51,0
DA:52,0
DA:53,0
DA:54,0
DA:55,0
DA:56,0
DA:57,0
DA:58,0
DA:59,0
DA:60,0
DA:61,0
DA:62,0
DA:63,0
DA:64,0
DA:65,0
DA:66,1
DA:67,0
DA:68,0
DA:69,0
DA:70,0
DA:71,0
DA:72,0
DA:73,0
DA:74,0
DA:75,0
DA:76,0
DA:77,1
DA:78,1
LF:78
LH:16
BRDA:2,0,0,0
BRDA:11,1,0,0
BRDA:11,2,0,1
BRDA:12,3,0,0
BRF:4
BRH:1
end_of_record
TN:
SF:build/gateway/UserGateway/InMemoryUserGateway.js
FN:2,Object.<anonymous>.__awaiter
FN:3,adopt
FN:5,fulfilled
FN:6,rejected
FN:7,step
FN:11,Object.<anonymous>.__importDefault
FN:18,InMemoryUserGateway
FN:22,getUsers
FN:27,addUser
FN:41,removeUser
FN:51,updateUser
FN:63,getUser
FN:71,generateId
FNF:13
FNH:10
FNDA:14,Object.<anonymous>.__awaiter
FNDA:0,adopt
FNDA:0,fulfilled
FNDA:0,rejected
FNDA:11,step
FNDA:2,Object.<anonymous>.__importDefault
FNDA:9,InMemoryUserGateway
FNDA:6,getUsers
FNDA:2,addUser
FNDA:2,removeUser
FNDA:2,updateUser
FNDA:2,getUser
FNDA:2,generateId
DA:1,1
DA:2,1
DA:3,14
DA:4,14
DA:5,14
DA:6,14
DA:7,14
DA:8,14
DA:9,14
DA:10,14
DA:11,1
DA:12,2
DA:13,2
DA:14,1
DA:15,1
DA:16,1
DA:17,1
DA:18,1
DA:19,9
DA:20,9
DA:21,9
DA:22,1
DA:23,6
DA:24,6
DA:25,6
DA:26,6
DA:27,1
DA:28,2
DA:29,2
DA:30,2
DA:31,2
DA:32,2
DA:33,2
DA:34,2
DA:35,2
DA:36,2
DA:37,2
DA:38,2
DA:39,2
DA:40,2
DA:41,1
DA:42,2
DA:43,2
DA:44,2
DA:45,2
DA:46,2
DA:47,1
DA:48,1
DA:49,2
DA:50,2
DA:51,1
DA:52,2
DA:53,2
DA:54,2
DA:55,2
DA:56,2
DA:57,1
DA:58,1
DA:59,1
DA:60,1
DA:61,2
DA:62,2
DA:63,1
DA:64,2
DA:65,2
DA:66,2
DA:67,2
DA:68,1
DA:69,2
DA:70,2
DA:71,1
DA:72,2
DA:73,2
DA:74,1
DA:75,1
DA:76,1
DA:77,1
LF:77
LH:77
BRDA:2,0,0,0
BRDA:11,1,0,0
BRDA:2,2,0,14
BRDA:4,3,0,14
BRDA:7,4,0,11
BRDA:7,5,0,0
BRDA:11,6,0,2
BRDA:12,7,0,0
BRDA:18,8,0,9
BRDA:22,9,0,6
BRDA:23,10,0,6
BRDA:27,11,0,2
BRDA:28,12,0,2
BRDA:41,13,0,2
BRDA:42,14,0,2
BRDA:46,15,0,1
BRDA:44,16,0,4
BRDA:47,17,0,2
BRDA:51,18,0,2
BRDA:52,19,0,2
BRDA:56,20,0,1
BRDA:54,21,0,3
BRDA:63,22,0,2
BRDA:64,23,0,2
BRDA:67,24,0,1
BRDA:65,25,0,3
BRDA:71,26,0,2
BRDA:73,27,0,1
BRF:28
BRH:24
end_of_record
TN:
SF:build/gateway/UserGateway/KnexUserGateway.js
FN:2,Object.<anonymous>.__awaiter
FN:3,adopt
FN:5,fulfilled
FN:6,rejected
FN:7,step
FN:11,Object.<anonymous>.__importDefault
FN:18,KnexUserGateway
FN:23,getUsers
FN:36,addUser
FN:64,removeUser
FN:71,updateUser
FN:100,getUser
FNF:12
FNH:11
FNDA:26,Object.<anonymous>.__awaiter
FNDA:55,adopt
FNDA:55,fulfilled
FNDA:0,rejected
FNDA:78,step
FNDA:2,Object.<anonymous>.__importDefault
FNDA:8,KnexUserGateway
FNDA:3,getUsers
FNDA:13,addUser
FNDA:2,removeUser
FNDA:2,updateUser
FNDA:6,getUser
DA:1,1
DA:2,1
DA:3,26
DA:4,26
DA:5,26
DA:6,26
DA:7,26
DA:8,26
DA:9,26
DA:10,26
DA:11,1
DA:12,2
DA:13,2
DA:14,1
DA:15,1
DA:16,1
DA:17,1
DA:18,1
DA:19,8
DA:20,8
DA:21,8
DA:22,8
DA:23,1
DA:24,3
DA:25,3
DA:26,3
DA:27,3
DA:28,3
DA:29,3
DA:30,3
DA:31,5
DA:32,5
DA:33,3
DA:34,3
DA:35,3
DA:36,1
DA:37,13
DA:38,13
DA:39,13
DA:40,13
DA:41,13
DA:42,13
DA:43,13
DA:44,13
DA:45,13
DA:46,13
DA:47,13
DA:48,0
DA:49,0
DA:50,13
DA:51,13
DA:52,13
DA:53,13
DA:54,13
DA:55,13
DA:56,13
DA:57,13
DA:58,13
DA:59,13
DA:60,13
DA:61,13
DA:62,13
DA:63,13
DA:64,1
DA:65,2
DA:66,2
DA:67,2
DA:68,2
DA:69,2
DA:70,2
DA:71,1
DA:72,2
DA:73,2
DA:74,2
DA:75,2
DA:76,2
DA:77,2
DA:78,2
DA:79,2
DA:80,2
DA:81,1
DA:82,1
DA:83,1
DA:84,1
DA:85,1
DA:86,1
DA:87,0
DA:88,0
DA:89,1
DA:90,1
DA:91,1
DA:92,1
DA:93,1
DA:94,1
DA:95,2
DA:96,1
DA:97,1
DA:98,2
DA:99,2
DA:100,1
DA:101,6
DA:102,6
DA:103,6
DA:104,6
DA:105,6
DA:106,6
DA:107,6
DA:108,5
DA:109,5
DA:110,6
DA:111,6
DA:112,1
DA:113,1
LF:113
LH:109
BRDA:2,0,0,0
BRDA:11,1,0,0
BRDA:2,2,0,26
BRDA:3,3,0,55
BRDA:3,4,0,14
BRDA:3,5,0,41
BRDA:3,6,0,41
BRDA:4,7,0,26
BRDA:5,8,0,55
BRDA:5,9,0,3
BRDA:7,10,0,78
BRDA:7,11,0,23
BRDA:7,12,0,55
BRDA:11,13,0,2
BRDA:12,14,0,0
BRDA:18,15,0,8
BRDA:23,16,0,3
BRDA:24,17,0,3
BRDA:30,18,0,5
BRDA:36,19,0,13
BRDA:37,20,0,13
BRDA:47,21,0,0
BRDA:64,22,0,2
BRDA:65,23,0,2
BRDA:68,24,0,1
BRDA:71,25,0,2
BRDA:72,26,0,2
BRDA:78,27,0,1
BRDA:80,28,0,1
BRDA:85,29,0,0
BRDA:86,30,0,0
BRDA:95,31,0,0
BRDA:95,32,0,1
BRDA:100,33,0,6
BRDA:101,34,0,6
BRDA:107,35,0,1
BRDA:107,36,0,5
BRF:37
BRH:30
end_of_record
TN:
SF:build/infra/ContainerRegistry.js
FN:2,Object.<anonymous>.__importDefault
FNF:1
FNH:1
FNDA:19,Object.<anonymous>.__importDefault
DA:1,1
DA:2,1
DA:3,19
DA:4,19
DA:5,1
DA:6,1
DA:7,1
DA:8,1
DA:9,1
DA:10,1
DA:11,1
DA:12,1
DA:13,1
DA:14,1
DA:15,1
DA:16,1
DA:17,1
DA:18,1
DA:19,1
DA:20,1
DA:21,1
DA:22,1
DA:23,1
DA:24,1
DA:25,1
DA:26,1
DA:27,1
DA:28,1
DA:29,1
DA:30,1
DA:31,1
DA:32,1
DA:33,1
DA:34,1
DA:35,1
DA:36,1
DA:37,1
DA:38,1
DA:39,1
DA:40,1
DA:41,1
DA:42,1
DA:43,1
DA:44,1
DA:45,1
DA:46,1
DA:47,1
DA:48,1
DA:49,5
DA:50,1
DA:51,1
DA:52,4
DA:53,1
DA:54,1
DA:55,2
DA:56,1
DA:57,1
DA:58,1
DA:59,1
DA:60,1
DA:61,2
DA:62,1
DA:63,1
DA:64,1
DA:65,1
DA:66,1
DA:67,0
DA:68,1
DA:69,1
DA:70,0
DA:71,1
DA:72,1
DA:73,0
DA:74,1
DA:75,1
DA:76,0
DA:77,1
DA:78,1
DA:79,0
DA:80,1
DA:81,1
DA:82,0
DA:83,1
DA:84,1
DA:85,0
DA:86,1
DA:87,1
DA:88,0
DA:89,1
DA:90,1
DA:91,0
DA:92,1
DA:93,1
DA:94,0
DA:95,1
DA:96,1
DA:97,0
DA:98,1
DA:99,1
DA:100,0
DA:101,1
LF:101
LH:89
BRDA:2,0,0,0
BRDA:2,1,0,19
BRDA:3,2,0,0
BRDA:48,3,0,5
BRDA:51,4,0,4
BRDA:54,5,0,2
BRDA:57,6,0,1
BRDA:60,7,0,2
BRDA:63,8,0,1
BRF:9
BRH:7
end_of_record
TN:
SF:build/infra/Encrypt/BCryptAdapter.js
FN:2,Object.<anonymous>.__awaiter
FN:3,adopt
FN:5,fulfilled
FN:6,rejected
FN:7,step
FN:11,Object.<anonymous>.__importDefault
FN:17,BCryptAdapter
FN:20,encrypt
FN:25,compareValue
FNF:9
FNH:8
FNDA:14,Object.<anonymous>.__awaiter
FNDA:14,adopt
FNDA:14,fulfilled
FNDA:0,rejected
FNDA:28,step
FNDA:1,Object.<anonymous>.__importDefault
FNDA:8,BCryptAdapter
FNDA:14,encrypt
FNDA:2,compareValue
DA:1,1
DA:2,1
DA:3,14
DA:4,14
DA:5,14
DA:6,14
DA:7,14
DA:8,14
DA:9,14
DA:10,14
DA:11,1
DA:12,1
DA:13,1
DA:14,1
DA:15,1
DA:16,1
DA:17,1
DA:18,8
DA:19,8
DA:20,1
DA:21,14
DA:22,14
DA:23,14
DA:24,14
DA:25,1
DA:26,2
DA:27,2
DA:28,2
DA:29,2
DA:30,1
DA:31,1
LF:31
LH:31
BRDA:2,0,0,0
BRDA:11,1,0,0
BRDA:2,2,0,14
BRDA:3,3,0,14
BRDA:3,4,0,0
BRDA:4,5,0,14
BRDA:5,6,0,14
BRDA:5,7,0,0
BRDA:7,8,0,28
BRDA:7,9,0,14
BRDA:7,10,0,14
BRDA:11,11,0,1
BRDA:12,12,0,0
BRDA:17,13,0,8
BRDA:20,14,0,14
BRDA:21,15,0,14
BRDA:25,16,0,2
BRDA:26,17,0,2
BRF:18
BRH:13
end_of_record
TN:
SF:build/infra/JwtAssign/JsonWebTokenAdapter.js
FN:2,Object.<anonymous>.__importDefault
FN:9,decrypt
FN:14,generate
FN:20,verify
FNF:4
FNH:3
FNDA:1,Object.<anonymous>.__importDefault
FNDA:0,decrypt
FNDA:2,generate
FNDA:2,verify
DA:1,1
DA:2,1
DA:3,1
DA:4,1
DA:5,1
DA:6,1
DA:7,1
DA:8,1
DA:9,1
DA:10,0
DA:11,0
DA:12,0
DA:13,0
DA:14,1
DA:15,2
DA:16,2
DA:17,2
DA:18,2
DA:19,2
DA:20,1
DA:21,2
DA:22,2
DA:23,2
DA:24,2
DA:25,2
DA:26,1
DA:27,1
DA:28,2
DA:29,1
DA:30,1
LF:30
LH:26
BRDA:2,0,0,0
BRDA:7,1,0,0
BRDA:2,2,0,1
BRDA:3,3,0,0
BRDA:14,4,0,2
BRDA:20,5,0,2
BRDA:25,6,0,1
BRF:7
BRH:4
end_of_record
TN:
SF:src/config/knex.ts
FNF:0
FNH:0
DA:1,1
DA:2,1
DA:3,1
DA:4,1
DA:5,1
DA:6,1
DA:7,1
DA:8,1
DA:9,1
DA:10,1
DA:11,1
DA:12,1
LF:12
LH:12
BRF:0
BRH:0
end_of_record
TN:
SF:src/controllers/AuthenticationController.ts
FN:5,AuthenticationController
FN:7,makeLogin
FNF:2
FNH:2
FNDA:2,AuthenticationController
FNDA:2,makeLogin
DA:1,1
DA:2,1
DA:3,1
DA:4,1
DA:5,1
DA:6,1
DA:7,1
DA:8,2
DA:9,2
DA:10,2
DA:11,2
DA:12,2
DA:13,2
DA:14,2
DA:15,1
LF:15
LH:15
BRDA:5,0,0,2
BRDA:7,1,0,2
BRF:2
BRH:2
end_of_record
TN:
SF:src/controllers/ClassesController.ts
FN:6,ClassesController
FN:8,get
FN:14,list
FN:18,store
FN:23,update
FN:33,destroy
FNF:6
FNH:0
FNDA:0,ClassesController
FNDA:0,get
FNDA:0,list
FNDA:0,store
FNDA:0,update
FNDA:0,destroy
DA:1,1
DA:2,1
DA:3,1
DA:4,1
DA:5,1
DA:6,1
DA:7,1
DA:8,1
DA:9,0
DA:10,0
DA:11,0
DA:12,0
DA:13,1
DA:14,1
DA:15,0
DA:16,0
DA:17,1
DA:18,1
DA:19,0
DA:20,0
DA:21,0
DA:22,1
DA:23,1
DA:24,0
DA:25,0
DA:26,0
DA:27,0
DA:28,0
DA:29,0
DA:30,0
DA:31,0
DA:32,1
DA:33,1
DA:34,0
DA:35,0
DA:36,1
LF:36
LH:17
BRF:0
BRH:0
end_of_record
TN:
SF:src/controllers/CoursesController.ts
FN:11,CoursesController
FN:12,list
FN:16,getCourseWithLesson
FN:25,get
FN:31,listCourses
FN:35,store
FN:38,update
FN:41,destroy
FNF:8
FNH:0
FNDA:0,CoursesController
FNDA:0,list
FNDA:0,getCourseWithLesson
FNDA:0,get
FNDA:0,listCourses
FNDA:0,store
FNDA:0,update
FNDA:0,destroy
DA:1,1
DA:2,1
DA:3,1
DA:4,1
DA:5,1
DA:6,1
DA:7,1
DA:8,1
DA:9,1
DA:10,1
DA:11,1
DA:12,1
DA:13,0
DA:14,0
DA:15,1
DA:16,1
DA:17,0
DA:18,0
DA:19,0
DA:20,0
DA:21,0
DA:22,0
DA:23,0
DA:24,1
DA:25,1
DA:26,0
DA:27,0
DA:28,0
DA:29,0
DA:30,1
DA:31,1
DA:32,0
DA:33,0
DA:34,1
DA:35,1
DA:36,0
DA:37,0
DA:38,1
DA:39,0
DA:40,0
DA:41,1
DA:42,0
DA:43,0
DA:44,1
LF:44
LH:23
BRF:0
BRH:0
end_of_record
TN:
SF:src/controllers/LessonController.ts
FN:14,LessonController
FN:16,get
FN:22,list
FN:26,store
FN:29,update
FN:32,destroy
FN:36,storeProgress
FNF:7
FNH:0
FNDA:0,LessonController
FNDA:0,get
FNDA:0,list
FNDA:0,store
FNDA:0,update
FNDA:0,destroy
FNDA:0,storeProgress
DA:1,1
DA:2,1
DA:3,1
DA:4,1
DA:5,1
DA:6,1
DA:7,1
DA:8,1
DA:9,1
DA:10,1
DA:11,1
DA:12,1
DA:13,1
DA:14,1
DA:15,1
DA:16,1
DA:17,0
DA:18,0
DA:19,0
DA:20,0
DA:21,1
DA:22,1
DA:23,0
DA:24,0
DA:25,1
DA:26,1
DA:27,0
DA:28,0
DA:29,1
DA:30,0
DA:31,0
DA:32,1
DA:33,0
DA:34,0
DA:35,1
DA:36,1
DA:37,0
DA:38,0
DA:39,0
DA:40,0
DA:41,0
DA:42,0
DA:43,0
DA:44,0
DA:45,0
DA:46,0
DA:47,0
DA:48,0
DA:49,1
LF:49
LH:25
BRF:0
BRH:0
end_of_record
TN:
SF:src/controllers/ModulesController.ts
FN:6,ModulesController
FN:7,get
FN:10,list
FN:14,store
FN:17,update
FN:20,destroy
FNF:6
FNH:0
FNDA:0,ModulesController
FNDA:0,get
FNDA:0,list
FNDA:0,store
FNDA:0,update
FNDA:0,destroy
DA:1,1
DA:2,1
DA:3,1
DA:4,1
DA:5,1
DA:6,1
DA:7,1
DA:8,0
DA:9,0
DA:10,1
DA:11,0
DA:12,0
DA:13,1
DA:14,1
DA:15,0
DA:16,0
DA:17,1
DA:18,0
DA:19,0
DA:20,1
DA:21,0
DA:22,0
DA:23,1
LF:23
LH:13
BRF:0
BRH:0
end_of_record
TN:
SF:src/controllers/PaymentsController.ts
FN:7,PaymentsController
FN:9,store
FNF:2
FNH:0
FNDA:0,PaymentsController
FNDA:0,store
DA:1,1
DA:2,1
DA:3,1
DA:4,1
DA:5,1
DA:6,1
DA:7,1
DA:8,1
DA:9,1
DA:10,0
DA:11,0
DA:12,1
LF:12
LH:10
BRF:0
BRH:0
end_of_record
TN:
SF:src/controllers/StudentClassesController.ts
FN:6,StudentClassesController
FN:8,get
FN:14,list
FN:18,store
FN:26,update
FN:35,destroy
FNF:6
FNH:0
FNDA:0,StudentClassesController
FNDA:0,get
FNDA:0,list
FNDA:0,store
FNDA:0,update
FNDA:0,destroy
DA:1,1
DA:2,1
DA:3,1
DA:4,1
DA:5,1
DA:6,1
DA:7,1
DA:8,1
DA:9,0
DA:10,0
DA:11,0
DA:12,0
DA:13,1
DA:14,1
DA:15,0
DA:16,0
DA:17,1
DA:18,1
DA:19,0
DA:20,0
DA:21,0
DA:22,0
DA:23,0
DA:24,0
DA:25,1
DA:26,1
DA:27,0
DA:28,0
DA:29,0
DA:30,0
DA:31,0
DA:32,0
DA:33,0
DA:34,1
DA:35,1
DA:36,0
DA:37,0
DA:38,1
LF:38
LH:17
BRF:0
BRH:0
end_of_record
TN:
SF:src/controllers/UserController.ts
FN:7,UserController
FN:9,get
FN:15,list
FN:19,store
FN:28,update
FN:32,destroy
FNF:6
FNH:6
FNDA:9,UserController
FNDA:2,get
FNDA:6,list
FNDA:2,store
FNDA:2,update
FNDA:2,destroy
DA:1,1
DA:2,1
DA:3,1
DA:4,1
DA:5,1
DA:6,1
DA:7,1
DA:8,1
DA:9,1
DA:10,2
DA:11,1
DA:12,1
DA:13,1
DA:14,1
DA:15,1
DA:16,6
DA:17,6
DA:18,1
DA:19,1
DA:20,2
DA:21,2
DA:22,2
DA:23,2
DA:24,2
DA:25,2
DA:26,2
DA:27,1
DA:28,1
DA:29,2
DA:30,2
DA:31,1
DA:32,1
DA:33,2
DA:34,1
DA:35,1
LF:35
LH:35
BRDA:7,0,0,9
BRDA:9,1,0,2
BRDA:10,2,0,1
BRDA:15,3,0,6
BRDA:19,4,0,2
BRDA:28,5,0,2
BRDA:32,6,0,2
BRDA:33,7,0,1
BRF:8
BRH:8
end_of_record
TN:
SF:src/entities/Classes.ts
FN:2,Classes
FNF:1
FNH:0
FNDA:0,Classes
DA:1,1
DA:2,1
DA:3,0
DA:4,0
DA:5,0
DA:6,0
DA:7,0
DA:8,0
DA:9,0
DA:10,1
LF:10
LH:3
BRF:0
BRH:0
end_of_record
TN:
SF:src/entities/User.ts
FN:2,User
FNF:1
FNH:1
FNDA:3,User
DA:1,1
DA:2,1
DA:3,3
DA:4,3
DA:5,3
DA:6,3
DA:7,3
DA:8,3
DA:9,3
DA:10,3
DA:11,3
DA:12,3
DA:13,3
DA:14,1
LF:14
LH:14
BRDA:2,0,0,3
BRF:1
BRH:1
end_of_record
TN:
SF:src/exceptions/HttpException.ts
FN:4,HttpException
FNF:1
FNH:1
FNDA:3,HttpException
DA:1,1
DA:2,1
DA:3,1
DA:4,1
DA:5,3
DA:6,3
DA:7,3
DA:8,3
DA:9,1
DA:10,1
DA:11,1
LF:11
LH:11
BRDA:4,0,0,3
BRF:1
BRH:1
end_of_record
TN:
SF:src/gateway/AuthenticationGateway/InMemoryAuthenticationGateway.ts
FN:9,InMemoryAuthenticationGateway
FN:11,makeLogin
FNF:2
FNH:2
FNDA:2,InMemoryAuthenticationGateway
FNDA:2,makeLogin
DA:1,1
DA:2,1
DA:3,1
DA:4,1
DA:5,1
DA:6,1
DA:7,1
DA:8,1
DA:9,1
DA:10,1
DA:11,1
DA:12,2
DA:13,2
DA:14,2
DA:15,2
DA:16,2
DA:17,2
DA:18,1
DA:19,1
DA:20,1
DA:21,1
DA:22,1
DA:23,1
DA:24,1
DA:25,1
DA:26,1
LF:26
LH:26
BRDA:9,0,0,2
BRDA:11,1,0,2
BRDA:14,2,0,0
BRDA:17,3,0,1
BRDA:12,4,0,2
BRF:5
BRH:4
end_of_record
TN:
SF:src/gateway/AuthenticationGateway/KnexAuthenticationGateway.ts
FN:10,KnexAuthenticationGateway
FN:15,makeLogin
FNF:2
FNH:2
FNDA:3,KnexAuthenticationGateway
FNDA:3,makeLogin
DA:1,1
DA:2,1
DA:3,1
DA:4,1
DA:5,1
DA:6,1
DA:7,1
DA:8,1
DA:9,1
DA:10,1
DA:11,3
DA:12,3
DA:13,3
DA:14,3
DA:15,1
DA:16,3
DA:17,3
DA:18,3
DA:19,3
DA:20,3
DA:21,3
DA:22,3
DA:23,2
DA:24,2
DA:25,2
DA:26,2
DA:27,2
DA:28,1
DA:29,3
DA:30,1
DA:31,1
DA:32,1
DA:33,1
DA:34,1
DA:35,1
DA:36,1
DA:37,1
DA:38,1
DA:39,1
DA:40,1
DA:41,1
DA:42,1
DA:43,1
LF:43
LH:43
BRDA:10,0,0,3
BRDA:15,1,0,3
BRDA:22,2,0,1
BRDA:22,3,0,2
BRDA:27,4,0,1
BRDA:29,5,0,0
BRDA:29,6,0,1
BRF:7
BRH:6
end_of_record
TN:
SF:src/gateway/ClassesGateway/KnexClasseGateway.ts
FN:6,KnexClasseGateway
FN:7,getClasses
FN:26,addClasse
FN:43,removeClasse
FN:47,updateClasse
FN:70,getClasse
FNF:6
FNH:0
FNDA:0,KnexClasseGateway
FNDA:0,getClasses
FNDA:0,addClasse
FNDA:0,removeClasse
FNDA:0,updateClasse
FNDA:0,getClasse
DA:1,1
DA:2,1
DA:3,1
DA:4,1
DA:5,1
DA:6,1
DA:7,1
DA:8,0
DA:9,0
DA:10,0
DA:11,0
DA:12,0
DA:13,0
DA:14,0
DA:15,0
DA:16,0
DA:17,0
DA:18,0
DA:19,0
DA:20,0
DA:21,0
DA:22,0
DA:23,0
DA:24,0
DA:25,0
DA:26,1
DA:27,0
DA:28,0
DA:29,0
DA:30,0
DA:31,0
DA:32,0
DA:33,0
DA:34,0
DA:35,0
DA:36,0
DA:37,0
DA:38,0
DA:39,0
DA:40,0
DA:41,0
DA:42,0
DA:43,1
DA:44,0
DA:45,0
DA:46,0
DA:47,1
DA:48,0
DA:49,0
DA:50,0
DA:51,0
DA:52,0
DA:53,0
DA:54,0
DA:55,0
DA:56,0
DA:57,0
DA:58,0
DA:59,0
DA:60,0
DA:61,0
DA:62,0
DA:63,0
DA:64,0
DA:65,0
DA:66,0
DA:67,0
DA:68,0
DA:69,0
DA:70,1
DA:71,0
DA:72,0
DA:73,0
DA:74,0
DA:75,0
DA:76,0
DA:77,0
DA:78,0
DA:79,0
DA:80,1
LF:80
LH:12
BRF:0
BRH:0
end_of_record
TN:
SF:src/gateway/CourseGateway/KnexCourseGateway.ts
FN:6,KnexCourseGateway
FN:7,updateCourse
FN:28,removeCourse
FN:32,addCourse
FN:40,getCourses
FN:79,getCourse
FN:99,getCourseWithLessons
FNF:7
FNH:0
FNDA:0,KnexCourseGateway
FNDA:0,updateCourse
FNDA:0,removeCourse
FNDA:0,addCourse
FNDA:0,getCourses
FNDA:0,getCourse
FNDA:0,getCourseWithLessons
DA:1,1
DA:2,1
DA:3,1
DA:4,1
DA:5,1
DA:6,1
DA:7,1
DA:8,0
DA:9,0
DA:10,0
DA:11,0
DA:12,0
DA:13,0
DA:14,0
DA:15,0
DA:16,0
DA:17,0
DA:18,0
DA:19,0
DA:20,0
DA:21,0
DA:22,0
DA:23,0
DA:24,0
DA:25,0
DA:26,0
DA:27,0
DA:28,1
DA:29,0
DA:30,0
DA:31,0
DA:32,1
DA:33,0
DA:34,0
DA:35,0
DA:36,0
DA:37,0
DA:38,0
DA:39,1
DA:40,1
DA:41,0
DA:42,0
DA:43,0
DA:44,0
DA:45,0
DA:46,0
DA:47,0
DA:48,0
DA:49,0
DA:50,0
DA:51,0
DA:52,0
DA:53,0
DA:54,0
DA:55,0
DA:56,0
DA:57,0
DA:58,0
DA:59,0
DA:60,0
DA:61,0
DA:62,0
DA:63,0
DA:64,0
DA:65,0
DA:66,0
DA:67,0
DA:68,0
DA:69,0
DA:70,0
DA:71,0
DA:72,0
DA:73,0
DA:74,0
DA:75,0
DA:76,0
DA:77,0
DA:78,1
DA:79,1
DA:80,0
DA:81,0
DA:82,0
DA:83,0
DA:84,0
DA:85,0
DA:86,0
DA:87,0
DA:88,0
DA:89,0
DA:90,0
DA:91,0
DA:92,0
DA:93,0
DA:94,0
DA:95,0
DA:96,0
DA:97,0
DA:98,0
DA:99,1
DA:100,0
DA:101,0
DA:102,0
DA:103,0
DA:104,0
DA:105,0
DA:106,0
DA:107,0
DA:108,0
DA:109,0
DA:110,0
DA:111,0
DA:112,0
DA:113,0
DA:114,0
DA:115,0
DA:116,0
DA:117,0
DA:118,0
DA:119,0
DA:120,0
DA:121,0
DA:122,0
DA:123,0
DA:124,0
DA:125,0
DA:126,0
DA:127,0
DA:128,0
DA:129,0
DA:130,0
DA:131,0
DA:132,0
DA:133,0
DA:134,0
DA:135,0
DA:136,0
DA:137,0
DA:138,0
DA:139,0
DA:140,0
DA:141,0
DA:142,0
DA:143,0
DA:144,0
DA:145,0
DA:146,0
DA:147,0
DA:148,0
DA:149,0
DA:150,0
DA:151,0
DA:152,0
DA:153,0
DA:154,0
DA:155,0
DA:156,0
DA:157,0
DA:158,0
DA:159,0
DA:160,0
DA:161,0
DA:162,0
DA:163,0
DA:164,0
DA:165,0
DA:166,0
DA:167,0
DA:168,0
DA:169,0
DA:170,0
DA:171,0
DA:172,0
DA:173,0
DA:174,0
DA:175,0
DA:176,0
DA:177,0
DA:178,0
DA:179,0
DA:180,0
DA:181,0
DA:182,0
DA:183,0
DA:184,0
DA:185,0
DA:186,0
DA:187,0
DA:188,0
DA:189,0
DA:190,0
DA:191,0
DA:192,0
DA:193,0
DA:194,0
DA:195,0
DA:196,0
DA:197,0
DA:198,0
DA:199,0
DA:200,0
DA:201,0
DA:202,0
DA:203,0
DA:204,0
DA:205,0
DA:206,0
DA:207,0
DA:208,0
DA:209,0
DA:210,0
DA:211,0
DA:212,0
DA:213,1
LF:213
LH:15
BRF:0
BRH:0
end_of_record
TN:
SF:src/gateway/LessonGateway/KnexLessonGateway.ts
FN:7,KnexLessonGateway
FN:9,updateLesson
FN:30,removeLesson
FN:34,addLesson
FN:42,getLessons
FN:53,getLesson
FN:76,storeProgress
FNF:7
FNH:0
FNDA:0,KnexLessonGateway
FNDA:0,updateLesson
FNDA:0,removeLesson
FNDA:0,addLesson
FNDA:0,getLessons
FNDA:0,getLesson
FNDA:0,storeProgress
DA:1,1
DA:2,1
DA:3,1
DA:4,1
DA:5,1
DA:6,1
DA:7,1
DA:8,1
DA:9,1
DA:10,0
DA:11,0
DA:12,0
DA:13,0
DA:14,0
DA:15,0
DA:16,0
DA:17,0
DA:18,0
DA:19,0
DA:20,0
DA:21,0
DA:22,0
DA:23,0
DA:24,0
DA:25,0
DA:26,0
DA:27,0
DA:28,0
DA:29,0
DA:30,1
DA:31,0
DA:32,0
DA:33,0
DA:34,1
DA:35,0
DA:36,0
DA:37,0
DA:38,0
DA:39,0
DA:40,0
DA:41,1
DA:42,1
DA:43,0
DA:44,0
DA:45,0
DA:46,0
DA:47,0
DA:48,0
DA:49,0
DA:50,0
DA:51,0
DA:52,1
DA:53,1
DA:54,0
DA:55,0
DA:56,0
DA:57,0
DA:58,0
DA:59,0
DA:60,0
DA:61,0
DA:62,0
DA:63,0
DA:64,0
DA:65,0
DA:66,0
DA:67,0
DA:68,0
DA:69,0
DA:70,0
DA:71,0
DA:72,0
DA:73,0
DA:74,0
DA:75,1
DA:76,1
DA:77,0
DA:78,0
DA:79,0
DA:80,0
DA:81,0
DA:82,0
DA:83,0
DA:84,0
DA:85,0
DA:86,0
DA:87,0
DA:88,0
DA:89,0
DA:90,0
DA:91,0
DA:92,0
DA:93,0
DA:94,0
DA:95,0
DA:96,0
DA:97,0
DA:98,1
LF:98
LH:18
BRF:0
BRH:0
end_of_record
TN:
SF:src/gateway/ModuleGateway/KnexModuleGateway.ts
FN:6,KnexModuleGateway
FN:7,get
FN:18,list
FN:27,addModule
FN:34,removeModule
FN:38,updateModule
FNF:6
FNH:0
FNDA:0,KnexModuleGateway
FNDA:0,get
FNDA:0,list
FNDA:0,addModule
FNDA:0,removeModule
FNDA:0,updateModule
DA:1,1
DA:2,1
DA:3,1
DA:4,1
DA:5,1
DA:6,1
DA:7,1
DA:8,0
DA:9,0
DA:10,0
DA:11,0
DA:12,0
DA:13,0
DA:14,0
DA:15,0
DA:16,0
DA:17,0
DA:18,1
DA:19,0
DA:20,0
DA:21,0
DA:22,0
DA:23,0
DA:24,0
DA:25,0
DA:26,0
DA:27,1
DA:28,0
DA:29,0
DA:30,0
DA:31,0
DA:32,0
DA:33,0
DA:34,1
DA:35,0
DA:36,0
DA:37,0
DA:38,1
DA:39,0
DA:40,0
DA:41,0
DA:42,0
DA:43,0
DA:44,0
DA:45,0
DA:46,0
DA:47,0
DA:48,0
DA:49,0
DA:50,0
DA:51,0
DA:52,0
DA:53,0
DA:54,0
DA:55,0
DA:56,0
DA:57,0
DA:58,0
DA:59,0
DA:60,0
DA:61,0
DA:62,0
DA:63,1
LF:63
LH:12
BRF:0
BRH:0
end_of_record
TN:
SF:src/gateway/PaymentsGateway/KnexPaymentsGateway.ts
FN:4,KnexPaymentsGateway
FN:5,registerPayment
FNF:2
FNH:0
FNDA:0,KnexPaymentsGateway
FNDA:0,registerPayment
DA:1,1
DA:2,1
DA:3,1
DA:4,1
DA:5,1
DA:6,0
DA:7,0
DA:8,0
DA:9,0
DA:10,0
DA:11,0
DA:12,0
DA:13,0
DA:14,0
DA:15,0
DA:16,0
DA:17,0
DA:18,0
DA:19,0
DA:20,0
DA:21,0
DA:22,1
LF:22
LH:6
BRF:0
BRH:0
end_of_record
TN:
SF:src/gateway/StudentClassesGateway/KnexStudentClasseGateway.ts
FN:8,KnexStudentClasseGateway
FN:9,getStudentsClasses
FN:18,addStudentClasse
FN:33,removeStudentClasse
FN:37,updateStudentClasse
FN:60,getStudentClasse
FNF:6
FNH:0
FNDA:0,KnexStudentClasseGateway
FNDA:0,getStudentsClasses
FNDA:0,addStudentClasse
FNDA:0,removeStudentClasse
FNDA:0,updateStudentClasse
FNDA:0,getStudentClasse
DA:1,1
DA:2,1
DA:3,1
DA:4,1
DA:5,1
DA:6,1
DA:7,1
DA:8,1
DA:9,1
DA:10,0
DA:11,0
DA:12,0
DA:13,0
DA:14,0
DA:15,0
DA:16,0
DA:17,0
DA:18,1
DA:19,0
DA:20,0
DA:21,0
DA:22,0
DA:23,0
DA:24,0
DA:25,0
DA:26,0
DA:27,0
DA:28,0
DA:29,0
DA:30,0
DA:31,0
DA:32,0
DA:33,1
DA:34,0
DA:35,0
DA:36,0
DA:37,1
DA:38,0
DA:39,0
DA:40,0
DA:41,0
DA:42,0
DA:43,0
DA:44,0
DA:45,0
DA:46,0
DA:47,0
DA:48,0
DA:49,0
DA:50,0
DA:51,0
DA:52,0
DA:53,0
DA:54,0
DA:55,0
DA:56,0
DA:57,0
DA:58,0
DA:59,0
DA:60,1
DA:61,0
DA:62,0
DA:63,0
DA:64,0
DA:65,0
DA:66,0
DA:67,0
DA:68,0
DA:69,0
DA:70,0
DA:71,1
LF:71
LH:14
BRF:0
BRH:0
end_of_record
TN:
SF:src/gateway/UserGateway/InMemoryUserGateway.ts
FN:10,InMemoryUserGateway
FN:14,getUsers
FN:18,addUser
FN:48,removeUser
FN:60,updateUser
FN:84,getUser
FN:92,generateId
FNF:7
FNH:7
FNDA:9,InMemoryUserGateway
FNDA:6,getUsers
FNDA:2,addUser
FNDA:2,removeUser
FNDA:2,updateUser
FNDA:2,getUser
FNDA:2,generateId
DA:1,1
DA:2,1
DA:3,1
DA:4,1
DA:5,1
DA:6,1
DA:7,1
DA:8,1
DA:9,1
DA:10,1
DA:11,9
DA:12,9
DA:13,1
DA:14,1
DA:15,6
DA:16,6
DA:17,1
DA:18,1
DA:19,2
DA:20,2
DA:21,2
DA:22,2
DA:23,2
DA:24,2
DA:25,2
DA:26,2
DA:27,2
DA:28,2
DA:29,2
DA:30,2
DA:31,2
DA:32,2
DA:33,2
DA:34,2
DA:35,2
DA:36,2
DA:37,2
DA:38,2
DA:39,2
DA:40,2
DA:41,2
DA:42,2
DA:43,2
DA:44,2
DA:45,2
DA:46,2
DA:47,1
DA:48,1
DA:49,2
DA:50,2
DA:51,2
DA:52,2
DA:53,2
DA:54,1
DA:55,1
DA:56,1
DA:57,1
DA:58,1
DA:59,1
DA:60,1
DA:61,2
DA:62,2
DA:63,2
DA:64,2
DA:65,1
DA:66,1
DA:67,1
DA:68,1
DA:69,1
DA:70,1
DA:71,1
DA:72,1
DA:73,1
DA:74,1
DA:75,1
DA:76,1
DA:77,1
DA:78,1
DA:79,1
DA:80,1
DA:81,1
DA:82,1
DA:83,1
DA:84,1
DA:85,2
DA:86,2
DA:87,2
DA:88,1
DA:89,1
DA:90,1
DA:91,1
DA:92,1
DA:93,2
DA:94,1
DA:95,1
DA:96,1
DA:97,1
LF:97
LH:97
BRDA:10,0,0,9
BRDA:14,1,0,6
BRDA:18,2,0,2
BRDA:48,3,0,2
BRDA:53,4,0,1
BRDA:51,5,0,4
BRDA:55,6,0,2
BRDA:60,7,0,2
BRDA:64,8,0,1
BRDA:62,9,0,3
BRDA:84,10,0,2
BRDA:87,11,0,1
BRDA:85,12,0,3
BRDA:92,13,0,2
BRDA:93,14,0,1
BRF:15
BRH:15
end_of_record
TN:
SF:src/gateway/UserGateway/KnexUserGateway.ts
FN:9,KnexUserGateway
FN:14,getUsers
FN:40,addUser
FN:76,removeUser
FN:80,updateUser
FN:120,getUser
FNF:6
FNH:6
FNDA:8,KnexUserGateway
FNDA:3,getUsers
FNDA:13,addUser
FNDA:2,removeUser
FNDA:2,updateUser
FNDA:6,getUser
DA:1,1
DA:2,1
DA:3,1
DA:4,1
DA:5,1
DA:6,1
DA:7,1
DA:8,1
DA:9,1
DA:10,8
DA:11,8
DA:12,8
DA:13,8
DA:14,1
DA:15,3
DA:16,3
DA:17,3
DA:18,3
DA:19,3
DA:20,3
DA:21,3
DA:22,3
DA:23,5
DA:24,5
DA:25,5
DA:26,5
DA:27,5
DA:28,5
DA:29,5
DA:30,5
DA:31,5
DA:32,5
DA:33,5
DA:34,5
DA:35,5
DA:36,5
DA:37,3
DA:38,3
DA:39,3
DA:40,1
DA:41,13
DA:42,13
DA:43,13
DA:44,13
DA:45,13
DA:46,13
DA:47,13
DA:48,13
DA:49,13
DA:50,13
DA:51,13
DA:52,13
DA:53,13
DA:54,13
DA:55,13
DA:56,13
DA:57,0
DA:58,0
DA:59,13
DA:60,13
DA:61,13
DA:62,13
DA:63,13
DA:64,13
DA:65,13
DA:66,13
DA:67,13
DA:68,13
DA:69,13
DA:70,13
DA:71,13
DA:72,13
DA:73,13
DA:74,13
DA:75,13
DA:76,1
DA:77,2
DA:78,2
DA:79,2
DA:80,1
DA:81,2
DA:82,2
DA:83,2
DA:84,2
DA:85,2
DA:86,2
DA:87,1
DA:88,2
DA:89,2
DA:90,2
DA:91,1
DA:92,1
DA:93,1
DA:94,1
DA:95,1
DA:96,1
DA:97,1
DA:98,0
DA:99,1
DA:100,0
DA:101,0
DA:102,1
DA:103,1
DA:104,1
DA:105,1
DA:106,1
DA:107,1
DA:108,1
DA:109,1
DA:110,1
DA:111,1
DA:112,1
DA:113,1
DA:114,2
DA:115,1
DA:116,1
DA:117,1
DA:118,1
DA:119,1
DA:120,1
DA:121,6
DA:122,6
DA:123,6
DA:124,6
DA:125,6
DA:126,6
DA:127,5
DA:128,5
DA:129,5
DA:130,5
DA:131,5
DA:132,1
LF:132
LH:127
BRDA:9,0,0,8
BRDA:14,1,0,3
BRDA:22,2,0,5
BRDA:40,3,0,13
BRDA:56,4,0,0
BRDA:76,5,0,2
BRDA:78,6,0,1
BRDA:80,7,0,2
BRDA:86,8,0,1
BRDA:90,9,0,1
BRDA:97,10,0,0
BRDA:99,11,0,0
BRDA:114,12,0,0
BRDA:114,13,0,1
BRDA:120,14,0,6
BRDA:126,15,0,1
BRDA:126,16,0,5
BRF:17
BRH:13
end_of_record
TN:
SF:src/infra/ContainerRegistry.ts
FNF:0
FNH:0
DA:1,1
DA:2,1
DA:3,1
DA:4,1
DA:5,1
DA:6,1
DA:7,1
DA:8,1
DA:9,1
DA:10,1
DA:11,1
DA:12,1
DA:13,1
DA:14,1
DA:15,1
DA:16,1
DA:17,1
DA:18,1
DA:19,1
DA:20,1
DA:21,1
DA:22,1
DA:23,1
DA:24,1
DA:25,1
DA:26,1
DA:27,1
DA:28,1
DA:29,1
DA:30,1
DA:31,1
DA:32,1
DA:33,1
DA:34,1
DA:35,1
DA:36,1
DA:37,1
DA:38,1
DA:39,1
DA:40,1
DA:41,1
DA:42,1
DA:43,1
DA:44,1
DA:45,1
DA:46,5
DA:47,1
DA:48,1
DA:49,1
DA:50,4
DA:51,1
DA:52,1
DA:53,1
DA:54,2
DA:55,2
DA:56,2
DA:57,2
DA:58,2
DA:59,1
DA:60,1
DA:61,1
DA:62,1
DA:63,1
DA:64,1
DA:65,1
DA:66,1
DA:67,1
DA:68,2
DA:69,2
DA:70,2
DA:71,2
DA:72,2
DA:73,1
DA:74,1
DA:75,1
DA:76,1
DA:77,1
DA:78,1
DA:79,1
DA:80,0
DA:81,1
DA:82,1
DA:83,1
DA:84,0
DA:85,1
DA:86,1
DA:87,1
DA:88,0
DA:89,1
DA:90,1
DA:91,1
DA:92,0
DA:93,1
DA:94,1
DA:95,1
DA:96,0
DA:97,1
DA:98,1
DA:99,1
DA:100,0
DA:101,1
DA:102,1
DA:103,1
DA:104,0
DA:105,1
DA:106,1
DA:107,1
DA:108,0
DA:109,1
DA:110,1
DA:111,1
DA:112,0
DA:113,1
DA:114,1
DA:115,1
DA:116,0
DA:117,0
DA:118,0
DA:119,1
DA:120,1
DA:121,1
DA:122,0
DA:123,1
DA:124,1
DA:125,1
DA:126,0
DA:127,0
DA:128,0
DA:129,1
LF:129
LH:113
BRDA:45,0,0,5
BRDA:49,1,0,4
BRDA:53,2,0,2
BRDA:61,3,0,1
BRDA:67,4,0,2
BRDA:75,5,0,1
BRF:6
BRH:6
end_of_record
TN:
SF:src/infra/Encrypt/BCryptAdapter.ts
FN:4,<instance_members_initializer>
FN:7,encrypt
FN:11,compareValue
FNF:3
FNH:3
FNDA:8,<instance_members_initializer>
FNDA:14,encrypt
FNDA:2,compareValue
DA:1,1
DA:2,1
DA:3,1
DA:4,1
DA:5,8
DA:6,8
DA:7,8
DA:8,14
DA:9,14
DA:10,8
DA:11,8
DA:12,2
DA:13,2
DA:14,8
LF:14
LH:14
BRDA:4,0,0,8
BRDA:7,1,0,14
BRDA:11,2,0,2
BRF:3
BRH:3
end_of_record
TN:
SF:src/infra/JwtAssign/JsonWebTokenAdapter.ts
FN:8,decrypt
FN:18,generate
FN:29,verify
FNF:3
FNH:2
FNDA:0,decrypt
FNDA:2,generate
FNDA:2,verify
DA:1,1
DA:2,1
DA:3,1
DA:4,1
DA:5,1
DA:6,1
DA:7,1
DA:8,1
DA:9,0
DA:10,0
DA:11,0
DA:12,0
DA:13,0
DA:14,0
DA:15,0
DA:16,0
DA:17,1
DA:18,1
DA:19,2
DA:20,2
DA:21,2
DA:22,2
DA:23,2
DA:24,2
DA:25,2
DA:26,2
DA:27,2
DA:28,2
DA:29,1
DA:30,2
DA:31,2
DA:32,2
DA:33,2
DA:34,1
DA:35,1
DA:36,2
DA:37,1
LF:37
LH:29
BRDA:5,0,0,0
BRDA:18,1,0,2
BRDA:29,2,0,2
BRDA:33,3,0,1
BRF:4
BRH:3
end_of_record
